Using pre-set license
Built from '2020.2/staging' branch; Version is '2020.2.7f1 (c53830e277f1) revision 12924976'; Using compiler version '192528614'; Build Type 'Release'
OS: 'Windows 10 Home; OS build 22631.3155; Version 2009; 64bit' Language: 'ja' Physical Memory: 15823 MB
BatchMode: 1, IsHumanControllingUs: 0, StartBugReporterOnCrash: 0, Is64bit: 1, IsPro: 0

 COMMAND LINE ARGUMENTS:
C:\Program Files\Unity\Hub\Editor\2020.2.7f1\Editor\Unity.exe
-adb2
-batchMode
-noUpm
-name
AssetImportWorker0
-projectPath
C:/Users/bloss/Desktop/AI/Syateki/Syateki
-logFile
Logs/AssetImportWorker0.log
-srvPort
52833
Successfully changed project path to: C:/Users/bloss/Desktop/AI/Syateki/Syateki
C:/Users/bloss/Desktop/AI/Syateki/Syateki
Using Asset Import Pipeline V2.
Refreshing native plugins compatible for Editor in 75.22 ms, found 0 plugins.
Preloading 0 native plugins for Editor in 0.00 ms.
Initialize engine version: 2020.2.7f1 (c53830e277f1)
[Subsystems] Discovering subsystems at path C:/Program Files/Unity/Hub/Editor/2020.2.7f1/Editor/Data/Resources/UnitySubsystems
[Subsystems] Discovering subsystems at path C:/Users/bloss/Desktop/AI/Syateki/Syateki/Assets
GfxDevice: creating device client; threaded=0
Direct3D:
    Version:  Direct3D 11.0 [level 11.1]
    Renderer: AMD Radeon(TM) Graphics (ID=0x1636)
    Vendor:   
    VRAM:     7911 MB
    Driver:   27.20.14076.3000
Initialize mono
Mono path[0] = 'C:/Program Files/Unity/Hub/Editor/2020.2.7f1/Editor/Data/Managed'
Mono path[1] = 'C:/Program Files/Unity/Hub/Editor/2020.2.7f1/Editor/Data/MonoBleedingEdge/lib/mono/unityjit'
Mono config path = 'C:/Program Files/Unity/Hub/Editor/2020.2.7f1/Editor/Data/MonoBleedingEdge/etc'
Using monoOptions --debugger-agent=transport=dt_socket,embedding=1,server=y,suspend=n,address=127.0.0.1:56448
Begin MonoManager ReloadAssembly
Registering precompiled unity dll's ...
Register platform support module: C:/Program Files/Unity/Hub/Editor/2020.2.7f1/Editor/Data/PlaybackEngines/WebGLSupport/UnityEditor.WebGL.Extensions.dll
Register platform support module: C:/Program Files/Unity/Hub/Editor/2020.2.7f1/Editor/Data/PlaybackEngines/WindowsStandaloneSupport/UnityEditor.WindowsStandalone.Extensions.dll
Registered in 0.007647 seconds.
Native extension for WindowsStandalone target not found
Native extension for WebGL target not found
Refreshing native plugins compatible for Editor in 675.85 ms, found 0 plugins.
Preloading 0 native plugins for Editor in 0.00 ms.
Invoked RoslynAnalysisRunner static constructor.
RoslynAnalysisRunner will not be running.
RoslynAnalysisRunner has terminated.
Mono: successfully reloaded assembly
- Completed reload, in  8.343 seconds
Platform modules already initialized, skipping
Registering precompiled user dll's ...
Registered in 0.004529 seconds.
Begin MonoManager ReloadAssembly
Native extension for WindowsStandalone target not found
Native extension for WebGL target not found
Refreshing native plugins compatible for Editor in 3.94 ms, found 0 plugins.
Preloading 0 native plugins for Editor in 0.00 ms.
Invoked RoslynAnalysisRunner static constructor.
RoslynAnalysisRunner will not be running.
RoslynAnalysisRunner has terminated.
Mono: successfully reloaded assembly
- Completed reload, in  3.022 seconds
Platform modules already initialized, skipping
========================================================================
Worker process is ready to serve import requests
Launched and connected shader compiler UnityShaderCompiler.exe after 0.24 seconds
Refreshing native plugins compatible for Editor in 0.54 ms, found 0 plugins.
Preloading 0 native plugins for Editor in 0.00 ms.
Unloading 1116 Unused Serialized files (Serialized files now loaded: 0)
System memory in use before: 62.8 MB.
System memory in use after: 62.8 MB.

Unloading 10 unused Assets to reduce memory usage. Loaded Objects now: 1573.
Total: 4.975800 ms (FindLiveObjects: 0.340200 ms CreateObjectMapping: 0.107100 ms MarkObjects: 4.327100 ms  DeleteObjects: 0.197600 ms)

========================================================================
Received Import Request.
  path: Assets/Scripts/GunRotationController.cs
  artifactKey: Guid(0b2373525bcbd4f869514aa5f45aa5e9) Importer(815301076,1909f56bfc062723c751e8b465ee728b)
Start importing Assets/Scripts/GunRotationController.cs using Guid(0b2373525bcbd4f869514aa5f45aa5e9) Importer(815301076,1909f56bfc062723c751e8b465ee728b)  -> (artifact id: '49460c4ab133c89a844bf70e390a24ee') in 0.143441 seconds
  Import took 0.149541 seconds .

========================================================================
Received Import Request.
  Time since last request: 79.707633 seconds.
  path: Assets/Scripts/ShootBullet.cs
  artifactKey: Guid(4e07bfec91e974c6288ffc63a071852a) Importer(815301076,1909f56bfc062723c751e8b465ee728b)
Start importing Assets/Scripts/ShootBullet.cs using Guid(4e07bfec91e974c6288ffc63a071852a) Importer(815301076,1909f56bfc062723c751e8b465ee728b)  -> (artifact id: '583f9a56a800490484271439306d66c4') in 0.014120 seconds
  Import took 0.016755 seconds .

========================================================================
Received Import Request.
  Time since last request: 81.532392 seconds.
  path: Assets/GameObjects/Bullet 1.prefab
  artifactKey: Guid(efd32f87786b9c849acf133d4c9ae7e1) Importer(815301076,1909f56bfc062723c751e8b465ee728b)
Start importing Assets/GameObjects/Bullet 1.prefab using Guid(efd32f87786b9c849acf133d4c9ae7e1) Importer(815301076,1909f56bfc062723c751e8b465ee728b)  -> (artifact id: '892dfd4bd940eff7a145cc1a33cf7ade') in 0.211641 seconds
  Import took 0.216275 seconds .

========================================================================
Received Import Request.
  Time since last request: 12.215353 seconds.
  path: Assets/GameObjects/HeavyBullet.prefab
  artifactKey: Guid(efd32f87786b9c849acf133d4c9ae7e1) Importer(815301076,1909f56bfc062723c751e8b465ee728b)
Start importing Assets/GameObjects/HeavyBullet.prefab using Guid(efd32f87786b9c849acf133d4c9ae7e1) Importer(815301076,1909f56bfc062723c751e8b465ee728b)  -> (artifact id: 'b8f619edb811d1e41932a1b6a6708de2') in 0.048225 seconds
  Import took 0.053541 seconds .

========================================================================
Received Import Request.
  Time since last request: 1.552080 seconds.
  path: Assets/GameObjects/HeavyBullet 1.prefab
  artifactKey: Guid(168a793d2c0417946b25966382cad8d5) Importer(815301076,1909f56bfc062723c751e8b465ee728b)
Start importing Assets/GameObjects/HeavyBullet 1.prefab using Guid(168a793d2c0417946b25966382cad8d5) Importer(815301076,1909f56bfc062723c751e8b465ee728b)  -> (artifact id: 'e8d4dadb1b9b45ad947afc30cbbad40f') in 0.028673 seconds
  Import took 0.031810 seconds .

========================================================================
Received Import Request.
  Time since last request: 10.772883 seconds.
  path: Assets/GameObjects/LightBullet.prefab
  artifactKey: Guid(168a793d2c0417946b25966382cad8d5) Importer(815301076,1909f56bfc062723c751e8b465ee728b)
Start importing Assets/GameObjects/LightBullet.prefab using Guid(168a793d2c0417946b25966382cad8d5) Importer(815301076,1909f56bfc062723c751e8b465ee728b)  -> (artifact id: '025703c25bd6657db9cab80aa7c97fe1') in 0.030817 seconds
  Import took 0.034742 seconds .

========================================================================
Received Import Request.
  Time since last request: 37.254679 seconds.
  path: Assets/GameObjects/LightBullet.prefab
  artifactKey: Guid(168a793d2c0417946b25966382cad8d5) Importer(815301076,1909f56bfc062723c751e8b465ee728b)
Start importing Assets/GameObjects/LightBullet.prefab using Guid(168a793d2c0417946b25966382cad8d5) Importer(815301076,1909f56bfc062723c751e8b465ee728b)  -> (artifact id: '49d68a4e76d318372ce36baef62631f0') in 0.027234 seconds
  Import took 0.031132 seconds .

========================================================================
Received Import Request.
  Time since last request: 55.890809 seconds.
  path: Assets/GameObjects/HeavyBullet.prefab
  artifactKey: Guid(efd32f87786b9c849acf133d4c9ae7e1) Importer(815301076,1909f56bfc062723c751e8b465ee728b)
Start importing Assets/GameObjects/HeavyBullet.prefab using Guid(efd32f87786b9c849acf133d4c9ae7e1) Importer(815301076,1909f56bfc062723c751e8b465ee728b)  -> (artifact id: '4d86c69de9a9d4c0453f2eef700f66c1') in 0.023880 seconds
  Import took 0.027552 seconds .

========================================================================
Received Prepare
Registering precompiled user dll's ...
Registered in 0.001113 seconds.
Begin MonoManager ReloadAssembly
Native extension for WindowsStandalone target not found
Native extension for WebGL target not found
Refreshing native plugins compatible for Editor in 1.03 ms, found 0 plugins.
Preloading 0 native plugins for Editor in 0.00 ms.
Invoked RoslynAnalysisRunner static constructor.
RoslynAnalysisRunner will not be running.
RoslynAnalysisRunner has terminated.
Mono: successfully reloaded assembly
- Completed reload, in  1.292 seconds
Platform modules already initialized, skipping
Refreshing native plugins compatible for Editor in 1.43 ms, found 0 plugins.
Preloading 0 native plugins for Editor in 0.00 ms.
Unloading 1111 Unused Serialized files (Serialized files now loaded: 0)
System memory in use before: 65.9 MB.
System memory in use after: 66.0 MB.

Unloading 5 unused Assets to reduce memory usage. Loaded Objects now: 1584.
Total: 3.076600 ms (FindLiveObjects: 0.229000 ms CreateObjectMapping: 0.041300 ms MarkObjects: 2.705100 ms  DeleteObjects: 0.098800 ms)

========================================================================
Received Import Request.
  Time since last request: 504.048130 seconds.
  path: Assets/Scripts/ShootBullet.cs
  artifactKey: Guid(4e07bfec91e974c6288ffc63a071852a) Importer(815301076,1909f56bfc062723c751e8b465ee728b)
Start importing Assets/Scripts/ShootBullet.cs using Guid(4e07bfec91e974c6288ffc63a071852a) Importer(815301076,1909f56bfc062723c751e8b465ee728b)  -> (artifact id: '10ffe04b67faff15e2a70ab76673f613') in 0.017157 seconds
  Import took 0.021604 seconds .

========================================================================
Received Import Request.
  Time since last request: 68.430285 seconds.
  path: Assets/Scripts/Bullet.cs
  artifactKey: Guid(b90895a07c423514791f59cb655de825) Importer(815301076,1909f56bfc062723c751e8b465ee728b)
Start importing Assets/Scripts/Bullet.cs using Guid(b90895a07c423514791f59cb655de825) Importer(815301076,1909f56bfc062723c751e8b465ee728b)  -> (artifact id: '9204babea4ea6f7647575ab1e3ba06b9') in 0.017109 seconds
  Import took 0.022345 seconds .

========================================================================
Received Prepare
Registering precompiled user dll's ...
Registered in 0.001020 seconds.
Begin MonoManager ReloadAssembly
Native extension for WindowsStandalone target not found
Native extension for WebGL target not found
Refreshing native plugins compatible for Editor in 0.55 ms, found 0 plugins.
Preloading 0 native plugins for Editor in 0.00 ms.
Invoked RoslynAnalysisRunner static constructor.
RoslynAnalysisRunner will not be running.
RoslynAnalysisRunner has terminated.
Mono: successfully reloaded assembly
- Completed reload, in  1.290 seconds
Platform modules already initialized, skipping
Refreshing native plugins compatible for Editor in 0.30 ms, found 0 plugins.
Preloading 0 native plugins for Editor in 0.00 ms.
Unloading 1112 Unused Serialized files (Serialized files now loaded: 0)
System memory in use before: 66.0 MB.
System memory in use after: 66.0 MB.

Unloading 5 unused Assets to reduce memory usage. Loaded Objects now: 1588.
Total: 5.071200 ms (FindLiveObjects: 0.638400 ms CreateObjectMapping: 0.085200 ms MarkObjects: 4.203800 ms  DeleteObjects: 0.138900 ms)

========================================================================
Received Import Request.
  Time since last request: 71.969138 seconds.
  path: Assets/Scripts/Bullet.cs
  artifactKey: Guid(b90895a07c423514791f59cb655de825) Importer(815301076,1909f56bfc062723c751e8b465ee728b)
Start importing Assets/Scripts/Bullet.cs using Guid(b90895a07c423514791f59cb655de825) Importer(815301076,1909f56bfc062723c751e8b465ee728b)  -> (artifact id: '4ba7c2441021afed28a9df19dab0c891') in 0.016261 seconds
  Import took 0.019963 seconds .

========================================================================
Received Import Request.
  Time since last request: 17.142549 seconds.
  path: Assets/GameObjects/LightBullet.prefab
  artifactKey: Guid(168a793d2c0417946b25966382cad8d5) Importer(815301076,1909f56bfc062723c751e8b465ee728b)
Start importing Assets/GameObjects/LightBullet.prefab using Guid(168a793d2c0417946b25966382cad8d5) Importer(815301076,1909f56bfc062723c751e8b465ee728b)  -> (artifact id: '99c10440df6faf93b885b2109cc5482b') in 0.148749 seconds
  Import took 0.152524 seconds .

========================================================================
Received Import Request.
  Time since last request: 0.477882 seconds.
  path: Assets/GameObjects/Bullet.prefab
  artifactKey: Guid(be2e15ec93bec48fc92da22859cda1c8) Importer(815301076,1909f56bfc062723c751e8b465ee728b)
Start importing Assets/GameObjects/Bullet.prefab using Guid(be2e15ec93bec48fc92da22859cda1c8) Importer(815301076,1909f56bfc062723c751e8b465ee728b)  -> (artifact id: '00853e943525ef55cabc92f347aec5d1') in 0.022570 seconds
  Import took 0.025465 seconds .

========================================================================
Received Import Request.
  Time since last request: 9.505659 seconds.
  path: Assets/GameObjects/HeavyBullet.prefab
  artifactKey: Guid(efd32f87786b9c849acf133d4c9ae7e1) Importer(815301076,1909f56bfc062723c751e8b465ee728b)
Start importing Assets/GameObjects/HeavyBullet.prefab using Guid(efd32f87786b9c849acf133d4c9ae7e1) Importer(815301076,1909f56bfc062723c751e8b465ee728b)  -> (artifact id: '6ad4015a18eff2b870876668654c39ec') in 0.021711 seconds
  Import took 0.025198 seconds .

========================================================================
Received Import Request.
  Time since last request: 342.514512 seconds.
  path: Assets/Hovl Studio/Magic effects pack/Prefabs/AoE effects
  artifactKey: Guid(f0e78b2e61a2b2f40bf0a0be9e842772) Importer(815301076,1909f56bfc062723c751e8b465ee728b)
Start importing Assets/Hovl Studio/Magic effects pack/Prefabs/AoE effects using Guid(f0e78b2e61a2b2f40bf0a0be9e842772) Importer(815301076,1909f56bfc062723c751e8b465ee728b)  -> (artifact id: '6abd1278cff0a6a850a95828ebf542ae') in 0.011656 seconds
  Import took 0.015048 seconds .

========================================================================
Received Import Request.
  Time since last request: 1.901099 seconds.
  path: Assets/Hovl Studio/Magic effects pack/Prefabs/AoE effects/AoE slash green.prefab
  artifactKey: Guid(8a43d9f68490c374a93a9e8085555c02) Importer(815301076,1909f56bfc062723c751e8b465ee728b)
Start importing Assets/Hovl Studio/Magic effects pack/Prefabs/AoE effects/AoE slash green.prefab using Guid(8a43d9f68490c374a93a9e8085555c02) Importer(815301076,1909f56bfc062723c751e8b465ee728b)  -> (artifact id: '8cdc781c83041422f21ace23238bb4f2') in 0.021898 seconds
  Import took 0.025294 seconds .

========================================================================
Received Import Request.
  Time since last request: 0.094536 seconds.
  path: Assets/Hovl Studio/Magic effects pack/Prefabs/AoE effects/AoE slash green.prefab
  artifactKey: Guid(8a43d9f68490c374a93a9e8085555c02) Importer(815301076,1909f56bfc062723c751e8b465ee728b)
Start importing Assets/Hovl Studio/Magic effects pack/Prefabs/AoE effects/AoE slash green.prefab using Guid(8a43d9f68490c374a93a9e8085555c02) Importer(815301076,1909f56bfc062723c751e8b465ee728b)  -> (artifact id: '8cdc781c83041422f21ace23238bb4f2') in 0.009169 seconds
  Import took 0.013833 seconds .

========================================================================
Received Import Request.
  Time since last request: 0.011658 seconds.
  path: Assets/Hovl Studio/Magic effects pack/Materials/Circle2.mat
  artifactKey: Guid(8fce5540653d6d8439e52364661e10c9) Importer(815301076,1909f56bfc062723c751e8b465ee728b)
Start importing Assets/Hovl Studio/Magic effects pack/Materials/Circle2.mat using Guid(8fce5540653d6d8439e52364661e10c9) Importer(815301076,1909f56bfc062723c751e8b465ee728b)  -> (artifact id: '57e92c6ac3578c857808d0d5ca62f701') in 0.215782 seconds
  Import took 0.220129 seconds .

========================================================================
Received Import Request.
  Time since last request: 4.578035 seconds.
  path: Assets/Hovl Studio/Magic effects pack/Prefabs/AoE effects/AoE slash orange.prefab
  artifactKey: Guid(1336648bc1d8baf46a4515860950c9d4) Importer(815301076,1909f56bfc062723c751e8b465ee728b)
Start importing Assets/Hovl Studio/Magic effects pack/Prefabs/AoE effects/AoE slash orange.prefab using Guid(1336648bc1d8baf46a4515860950c9d4) Importer(815301076,1909f56bfc062723c751e8b465ee728b)  -> (artifact id: 'e0bf950020b12f6e82ba4b7c4ef528a1') in 0.025274 seconds
  Import took 0.028779 seconds .

========================================================================
Received Import Request.
  Time since last request: 0.006373 seconds.
  path: Assets/Hovl Studio/Magic effects pack/Prefabs/AoE effects/AoE slash orange.prefab
  artifactKey: Guid(1336648bc1d8baf46a4515860950c9d4) Importer(815301076,1909f56bfc062723c751e8b465ee728b)
Start importing Assets/Hovl Studio/Magic effects pack/Prefabs/AoE effects/AoE slash orange.prefab using Guid(1336648bc1d8baf46a4515860950c9d4) Importer(815301076,1909f56bfc062723c751e8b465ee728b)  -> (artifact id: 'e0bf950020b12f6e82ba4b7c4ef528a1') in 0.011478 seconds
  Import took 0.019172 seconds .

========================================================================
Received Import Request.
  Time since last request: 0.521886 seconds.
  path: Assets/Hovl Studio/Magic effects pack/Prefabs/AoE effects/Meteors AOE.prefab
  artifactKey: Guid(3355f6bfa6db8b24281b827de929694c) Importer(815301076,1909f56bfc062723c751e8b465ee728b)
Start importing Assets/Hovl Studio/Magic effects pack/Prefabs/AoE effects/Meteors AOE.prefab using Guid(3355f6bfa6db8b24281b827de929694c) Importer(815301076,1909f56bfc062723c751e8b465ee728b)  -> (artifact id: '58975eb1654a6a28d32510ece0a7dc7a') in 0.022997 seconds
  Import took 0.029445 seconds .

========================================================================
Received Import Request.
  Time since last request: 0.034940 seconds.
  path: Assets/Hovl Studio/Magic effects pack/Prefabs/AoE effects/Meteors AOE.prefab
  artifactKey: Guid(3355f6bfa6db8b24281b827de929694c) Importer(815301076,1909f56bfc062723c751e8b465ee728b)
Start importing Assets/Hovl Studio/Magic effects pack/Prefabs/AoE effects/Meteors AOE.prefab using Guid(3355f6bfa6db8b24281b827de929694c) Importer(815301076,1909f56bfc062723c751e8b465ee728b)  -> (artifact id: '58975eb1654a6a28d32510ece0a7dc7a') in 0.020731 seconds
  Import took 0.024699 seconds .

========================================================================
Received Import Request.
  Time since last request: 0.000478 seconds.
  path: Assets/Hovl Studio/Magic effects pack/Materials/Stone.mat
  artifactKey: Guid(5e01cbbef75a454468e5eb490ac64181) Importer(815301076,1909f56bfc062723c751e8b465ee728b)
Start importing Assets/Hovl Studio/Magic effects pack/Materials/Stone.mat using Guid(5e01cbbef75a454468e5eb490ac64181) Importer(815301076,1909f56bfc062723c751e8b465ee728b)  -> (artifact id: '594cc2978ca19d3dd2f8c895f20b0410') in 0.044316 seconds
  Import took 0.048999 seconds .

========================================================================
Received Import Request.
  Time since last request: 0.590081 seconds.
  path: Assets/Hovl Studio/Magic effects pack/Prefabs/AoE effects/Red energy explosion.prefab
  artifactKey: Guid(867c572a5be680d42a042d2349f10143) Importer(815301076,1909f56bfc062723c751e8b465ee728b)
Start importing Assets/Hovl Studio/Magic effects pack/Prefabs/AoE effects/Red energy explosion.prefab using Guid(867c572a5be680d42a042d2349f10143) Importer(815301076,1909f56bfc062723c751e8b465ee728b)  -> (artifact id: '0b06a742e476b6ddbbeeb97d960ecec7') in 0.042736 seconds
  Import took 0.048492 seconds .

========================================================================
Received Import Request.
  Time since last request: 0.032336 seconds.
  path: Assets/Hovl Studio/Magic effects pack/Prefabs/AoE effects/Red energy explosion.prefab
  artifactKey: Guid(867c572a5be680d42a042d2349f10143) Importer(815301076,1909f56bfc062723c751e8b465ee728b)
Start importing Assets/Hovl Studio/Magic effects pack/Prefabs/AoE effects/Red energy explosion.prefab using Guid(867c572a5be680d42a042d2349f10143) Importer(815301076,1909f56bfc062723c751e8b465ee728b)  -> (artifact id: '0b06a742e476b6ddbbeeb97d960ecec7') in 0.009826 seconds
  Import took 0.014604 seconds .

========================================================================
Received Import Request.
  Time since last request: 0.000458 seconds.
  path: Assets/Hovl Studio/Magic effects pack/Materials/Point.mat
  artifactKey: Guid(e546d2d7171981b468cf29388d902e99) Importer(815301076,1909f56bfc062723c751e8b465ee728b)
Start importing Assets/Hovl Studio/Magic effects pack/Materials/Point.mat using Guid(e546d2d7171981b468cf29388d902e99) Importer(815301076,1909f56bfc062723c751e8b465ee728b)  -> (artifact id: '2118ba52ee1f0e5338417adce1d1dacc') in 0.038181 seconds
  Import took 0.041660 seconds .

========================================================================
Received Import Request.
  Time since last request: 1.726298 seconds.
  path: Assets/Hovl Studio/Magic effects pack/Prefabs/AoE effects/AoE slash blue.prefab
  artifactKey: Guid(035ce8c9cfc34104991ce416daf8aebe) Importer(815301076,1909f56bfc062723c751e8b465ee728b)
Start importing Assets/Hovl Studio/Magic effects pack/Prefabs/AoE effects/AoE slash blue.prefab using Guid(035ce8c9cfc34104991ce416daf8aebe) Importer(815301076,1909f56bfc062723c751e8b465ee728b)  -> (artifact id: 'dfa6c40897313e7404478befbcf46ce6') in 0.015915 seconds
  Import took 0.020598 seconds .

========================================================================
Received Import Request.
  Time since last request: 0.015384 seconds.
  path: Assets/Hovl Studio/Magic effects pack/Prefabs/AoE effects/AoE slash blue.prefab
  artifactKey: Guid(035ce8c9cfc34104991ce416daf8aebe) Importer(815301076,1909f56bfc062723c751e8b465ee728b)
Start importing Assets/Hovl Studio/Magic effects pack/Prefabs/AoE effects/AoE slash blue.prefab using Guid(035ce8c9cfc34104991ce416daf8aebe) Importer(815301076,1909f56bfc062723c751e8b465ee728b)  -> (artifact id: 'dfa6c40897313e7404478befbcf46ce6') in 0.010092 seconds
  Import took 0.016095 seconds .

========================================================================
Received Import Request.
  Time since last request: 6.981403 seconds.
  path: Assets/Hovl Studio/Magic effects pack/Prefabs/Magic circles/Freeze circle.prefab
  artifactKey: Guid(0e5709a7ddb77924090c112cf73bb98a) Importer(815301076,1909f56bfc062723c751e8b465ee728b)
Start importing Assets/Hovl Studio/Magic effects pack/Prefabs/Magic circles/Freeze circle.prefab using Guid(0e5709a7ddb77924090c112cf73bb98a) Importer(815301076,1909f56bfc062723c751e8b465ee728b)  -> (artifact id: 'a7a0736fa674ee1f186abff35c4dd4ff') in 0.022108 seconds
  Import took 0.026596 seconds .

========================================================================
Received Import Request.
  Time since last request: 0.016113 seconds.
  path: Assets/Hovl Studio/Magic effects pack/Prefabs/Magic circles/Freeze circle.prefab
  artifactKey: Guid(0e5709a7ddb77924090c112cf73bb98a) Importer(815301076,1909f56bfc062723c751e8b465ee728b)
Start importing Assets/Hovl Studio/Magic effects pack/Prefabs/Magic circles/Freeze circle.prefab using Guid(0e5709a7ddb77924090c112cf73bb98a) Importer(815301076,1909f56bfc062723c751e8b465ee728b)  -> (artifact id: 'a7a0736fa674ee1f186abff35c4dd4ff') in 0.009679 seconds
  Import took 0.013452 seconds .

========================================================================
Received Import Request.
  Time since last request: 0.000380 seconds.
  path: Assets/Hovl Studio/Magic effects pack/Materials/Circle.mat
  artifactKey: Guid(4bab0f95134663b4c9c3dd73939c0ff1) Importer(815301076,1909f56bfc062723c751e8b465ee728b)
Start importing Assets/Hovl Studio/Magic effects pack/Materials/Circle.mat using Guid(4bab0f95134663b4c9c3dd73939c0ff1) Importer(815301076,1909f56bfc062723c751e8b465ee728b)  -> (artifact id: 'aa18708284d820aca06b73f94bae4c41') in 0.035931 seconds
  Import took 0.039823 seconds .

========================================================================
Received Import Request.
  Time since last request: 0.554737 seconds.
  path: Assets/Hovl Studio/Magic effects pack/Prefabs/Magic circles/Healing circle.prefab
  artifactKey: Guid(12a56ee4630040c4eb17ae9707ed4cef) Importer(815301076,1909f56bfc062723c751e8b465ee728b)
Start importing Assets/Hovl Studio/Magic effects pack/Prefabs/Magic circles/Healing circle.prefab using Guid(12a56ee4630040c4eb17ae9707ed4cef) Importer(815301076,1909f56bfc062723c751e8b465ee728b)  -> (artifact id: 'dbb91018e964dc0612707401d4cf56fc') in 0.016872 seconds
  Import took 0.021079 seconds .

========================================================================
Received Import Request.
  Time since last request: 0.014781 seconds.
  path: Assets/Hovl Studio/Magic effects pack/Prefabs/Magic circles/Healing circle.prefab
  artifactKey: Guid(12a56ee4630040c4eb17ae9707ed4cef) Importer(815301076,1909f56bfc062723c751e8b465ee728b)
Start importing Assets/Hovl Studio/Magic effects pack/Prefabs/Magic circles/Healing circle.prefab using Guid(12a56ee4630040c4eb17ae9707ed4cef) Importer(815301076,1909f56bfc062723c751e8b465ee728b)  -> (artifact id: 'dbb91018e964dc0612707401d4cf56fc') in 0.009798 seconds
  Import took 0.014589 seconds .

========================================================================
Received Import Request.
  Time since last request: 0.509518 seconds.
  path: Assets/Hovl Studio/Magic effects pack/Prefabs/Magic circles/Magic circle 2.prefab
  artifactKey: Guid(48c5715f9603c3842a353516a8baefbb) Importer(815301076,1909f56bfc062723c751e8b465ee728b)
Start importing Assets/Hovl Studio/Magic effects pack/Prefabs/Magic circles/Magic circle 2.prefab using Guid(48c5715f9603c3842a353516a8baefbb) Importer(815301076,1909f56bfc062723c751e8b465ee728b)  -> (artifact id: 'ea2c3951ff279c9856c32b5840fd4335') in 0.019597 seconds
  Import took 0.023472 seconds .

========================================================================
Received Import Request.
  Time since last request: 0.011355 seconds.
  path: Assets/Hovl Studio/Magic effects pack/Prefabs/Magic circles/Magic circle 2.prefab
  artifactKey: Guid(48c5715f9603c3842a353516a8baefbb) Importer(815301076,1909f56bfc062723c751e8b465ee728b)
Start importing Assets/Hovl Studio/Magic effects pack/Prefabs/Magic circles/Magic circle 2.prefab using Guid(48c5715f9603c3842a353516a8baefbb) Importer(815301076,1909f56bfc062723c751e8b465ee728b)  -> (artifact id: 'ea2c3951ff279c9856c32b5840fd4335') in 0.010132 seconds
  Import took 0.016374 seconds .

========================================================================
Received Import Request.
  Time since last request: 0.000492 seconds.
  path: Assets/Hovl Studio/Magic effects pack/Materials/MagicCircle2.mat
  artifactKey: Guid(b56ee68f36d76a648a742b6874f4d4a4) Importer(815301076,1909f56bfc062723c751e8b465ee728b)
Start importing Assets/Hovl Studio/Magic effects pack/Materials/MagicCircle2.mat using Guid(b56ee68f36d76a648a742b6874f4d4a4) Importer(815301076,1909f56bfc062723c751e8b465ee728b)  -> (artifact id: '1a0f7e3ce96d593066ca8d954e1155c2') in 0.051156 seconds
  Import took 0.054812 seconds .

========================================================================
Received Import Request.
  Time since last request: 0.544740 seconds.
  path: Assets/Hovl Studio/Magic effects pack/Prefabs/Magic circles/Magic circle.prefab
  artifactKey: Guid(a2a060732547fe64581bb0cb3c2bdf1d) Importer(815301076,1909f56bfc062723c751e8b465ee728b)
Start importing Assets/Hovl Studio/Magic effects pack/Prefabs/Magic circles/Magic circle.prefab using Guid(a2a060732547fe64581bb0cb3c2bdf1d) Importer(815301076,1909f56bfc062723c751e8b465ee728b)  -> (artifact id: '13d04aafb2d07758fdbd134de68a7dab') in 0.021054 seconds
  Import took 0.026494 seconds .

========================================================================
Received Import Request.
  Time since last request: 0.007613 seconds.
  path: Assets/Hovl Studio/Magic effects pack/Prefabs/Magic circles/Magic circle.prefab
  artifactKey: Guid(a2a060732547fe64581bb0cb3c2bdf1d) Importer(815301076,1909f56bfc062723c751e8b465ee728b)
Start importing Assets/Hovl Studio/Magic effects pack/Prefabs/Magic circles/Magic circle.prefab using Guid(a2a060732547fe64581bb0cb3c2bdf1d) Importer(815301076,1909f56bfc062723c751e8b465ee728b)  -> (artifact id: '13d04aafb2d07758fdbd134de68a7dab') in 0.012856 seconds
  Import took 0.017063 seconds .

========================================================================
Received Import Request.
  Time since last request: 0.000493 seconds.
  path: Assets/Hovl Studio/Magic effects pack/Materials/MagicCircle.mat
  artifactKey: Guid(ddac23d301cbfca45bcbe217c05f0141) Importer(815301076,1909f56bfc062723c751e8b465ee728b)
Start importing Assets/Hovl Studio/Magic effects pack/Materials/MagicCircle.mat using Guid(ddac23d301cbfca45bcbe217c05f0141) Importer(815301076,1909f56bfc062723c751e8b465ee728b)  -> (artifact id: 'efd8fc221787772198dc556f56d8557d') in 0.056282 seconds
  Import took 0.059653 seconds .

========================================================================
Received Import Request.
  Time since last request: 22.520034 seconds.
  path: Assets/Hovl Studio/Magic effects pack/Prefabs/AoE effects/Snow AOE.prefab
  artifactKey: Guid(05ce920d629922a4eb4795ef7494ce5c) Importer(815301076,1909f56bfc062723c751e8b465ee728b)
Start importing Assets/Hovl Studio/Magic effects pack/Prefabs/AoE effects/Snow AOE.prefab using Guid(05ce920d629922a4eb4795ef7494ce5c) Importer(815301076,1909f56bfc062723c751e8b465ee728b)  -> (artifact id: 'c308982defb0bdd734faf7477d2e75e0') in 0.021943 seconds
  Import took 0.027068 seconds .

========================================================================
Received Import Request.
  Time since last request: 0.023867 seconds.
  path: Assets/Hovl Studio/Magic effects pack/Prefabs/AoE effects/Snow AOE.prefab
  artifactKey: Guid(05ce920d629922a4eb4795ef7494ce5c) Importer(815301076,1909f56bfc062723c751e8b465ee728b)
Start importing Assets/Hovl Studio/Magic effects pack/Prefabs/AoE effects/Snow AOE.prefab using Guid(05ce920d629922a4eb4795ef7494ce5c) Importer(815301076,1909f56bfc062723c751e8b465ee728b)  -> (artifact id: 'c308982defb0bdd734faf7477d2e75e0') in 0.011809 seconds
  Import took 0.016359 seconds .

========================================================================
Received Import Request.
  Time since last request: 7.544894 seconds.
  path: Assets/Hovl Studio/Magic effects pack/Prefabs/Magic shields/Magic shield blue.prefab
  artifactKey: Guid(b99922c2f59b1a542bdd06ae8bee47ae) Importer(815301076,1909f56bfc062723c751e8b465ee728b)
Start importing Assets/Hovl Studio/Magic effects pack/Prefabs/Magic shields/Magic shield blue.prefab using Guid(b99922c2f59b1a542bdd06ae8bee47ae) Importer(815301076,1909f56bfc062723c751e8b465ee728b)  -> (artifact id: '08f02f6e5ddf60737f8240e4fc0d8a5e') in 0.023757 seconds
  Import took 0.028584 seconds .

========================================================================
Received Import Request.
  Time since last request: 0.010460 seconds.
  path: Assets/Hovl Studio/Magic effects pack/Prefabs/Magic shields/Magic shield blue.prefab
  artifactKey: Guid(b99922c2f59b1a542bdd06ae8bee47ae) Importer(815301076,1909f56bfc062723c751e8b465ee728b)
Start importing Assets/Hovl Studio/Magic effects pack/Prefabs/Magic shields/Magic shield blue.prefab using Guid(b99922c2f59b1a542bdd06ae8bee47ae) Importer(815301076,1909f56bfc062723c751e8b465ee728b)  -> (artifact id: '08f02f6e5ddf60737f8240e4fc0d8a5e') in 0.009121 seconds
  Import took 0.014139 seconds .

========================================================================
Received Import Request.
  Time since last request: 3.066135 seconds.
  path: Assets/Hovl Studio/Magic effects pack/Prefabs/Magic shields/Magic shield yellow.prefab
  artifactKey: Guid(d2ffbc8b168cdf74a9dbb7c6c1cfdf2f) Importer(815301076,1909f56bfc062723c751e8b465ee728b)
Start importing Assets/Hovl Studio/Magic effects pack/Prefabs/Magic shields/Magic shield yellow.prefab using Guid(d2ffbc8b168cdf74a9dbb7c6c1cfdf2f) Importer(815301076,1909f56bfc062723c751e8b465ee728b)  -> (artifact id: 'c284191908f9ffd59cd0ae774a7601ff') in 0.023465 seconds
  Import took 0.027540 seconds .

========================================================================
Received Import Request.
  Time since last request: 0.015456 seconds.
  path: Assets/Hovl Studio/Magic effects pack/Prefabs/Magic shields/Magic shield yellow.prefab
  artifactKey: Guid(d2ffbc8b168cdf74a9dbb7c6c1cfdf2f) Importer(815301076,1909f56bfc062723c751e8b465ee728b)
Start importing Assets/Hovl Studio/Magic effects pack/Prefabs/Magic shields/Magic shield yellow.prefab using Guid(d2ffbc8b168cdf74a9dbb7c6c1cfdf2f) Importer(815301076,1909f56bfc062723c751e8b465ee728b)  -> (artifact id: 'c284191908f9ffd59cd0ae774a7601ff') in 0.011249 seconds
  Import took 0.018160 seconds .

========================================================================
Received Import Request.
  Time since last request: 6.861225 seconds.
  path: Assets/Hovl Studio/Magic effects pack/Prefabs/Hits and explosions/Electro hit.prefab
  artifactKey: Guid(a164e676dbbd6e54587237e619372c98) Importer(815301076,1909f56bfc062723c751e8b465ee728b)
Start importing Assets/Hovl Studio/Magic effects pack/Prefabs/Hits and explosions/Electro hit.prefab using Guid(a164e676dbbd6e54587237e619372c98) Importer(815301076,1909f56bfc062723c751e8b465ee728b)  -> (artifact id: '001ca9c4e9e27887ce90642eb66e8285') in 0.022753 seconds
  Import took 0.027188 seconds .

========================================================================
Received Import Request.
  Time since last request: 0.000546 seconds.
  path: Assets/Hovl Studio/Magic effects pack/Prefabs/Hits and explosions/Electro hit.prefab
  artifactKey: Guid(a164e676dbbd6e54587237e619372c98) Importer(815301076,1909f56bfc062723c751e8b465ee728b)
Start importing Assets/Hovl Studio/Magic effects pack/Prefabs/Hits and explosions/Electro hit.prefab using Guid(a164e676dbbd6e54587237e619372c98) Importer(815301076,1909f56bfc062723c751e8b465ee728b)  -> (artifact id: '001ca9c4e9e27887ce90642eb66e8285') in 0.013129 seconds
  Import took 0.019097 seconds .

========================================================================
Received Import Request.
  Time since last request: 0.000458 seconds.
  path: Assets/Hovl Studio/Magic effects pack/Materials/Electro.mat
  artifactKey: Guid(410fa9a27b8dd1f4989dd201babd7d76) Importer(815301076,1909f56bfc062723c751e8b465ee728b)
Start importing Assets/Hovl Studio/Magic effects pack/Materials/Electro.mat using Guid(410fa9a27b8dd1f4989dd201babd7d76) Importer(815301076,1909f56bfc062723c751e8b465ee728b)  -> (artifact id: '62fe25da47c79f764152d0d8627ba829') in 0.043500 seconds
  Import took 0.047839 seconds .

========================================================================
Received Import Request.
  Time since last request: 2.685072 seconds.
  path: Assets/Hovl Studio/Magic effects pack/Prefabs/Hits and explosions/Explosion.prefab
  artifactKey: Guid(8eb503696b886e04faff8fc0f480d473) Importer(815301076,1909f56bfc062723c751e8b465ee728b)
Start importing Assets/Hovl Studio/Magic effects pack/Prefabs/Hits and explosions/Explosion.prefab using Guid(8eb503696b886e04faff8fc0f480d473) Importer(815301076,1909f56bfc062723c751e8b465ee728b)  -> (artifact id: '7f2151fff2b8d0c194059c95e575e513') in 0.022795 seconds
  Import took 0.028058 seconds .

========================================================================
Received Import Request.
  Time since last request: 0.012799 seconds.
  path: Assets/Hovl Studio/Magic effects pack/Prefabs/Hits and explosions/Explosion.prefab
  artifactKey: Guid(8eb503696b886e04faff8fc0f480d473) Importer(815301076,1909f56bfc062723c751e8b465ee728b)
Start importing Assets/Hovl Studio/Magic effects pack/Prefabs/Hits and explosions/Explosion.prefab using Guid(8eb503696b886e04faff8fc0f480d473) Importer(815301076,1909f56bfc062723c751e8b465ee728b)  -> (artifact id: '7f2151fff2b8d0c194059c95e575e513') in 0.009728 seconds
  Import took 0.014809 seconds .

========================================================================
Received Import Request.
  Time since last request: 1.996199 seconds.
  path: Assets/Hovl Studio/Magic effects pack/Prefabs/Hits and explosions/Green hit.prefab
  artifactKey: Guid(3138a83bedbd6ad4481ba0b061da2eb6) Importer(815301076,1909f56bfc062723c751e8b465ee728b)
Start importing Assets/Hovl Studio/Magic effects pack/Prefabs/Hits and explosions/Green hit.prefab using Guid(3138a83bedbd6ad4481ba0b061da2eb6) Importer(815301076,1909f56bfc062723c751e8b465ee728b)  -> (artifact id: '4c4cb0ad1f8869b9e46cd69351db47dd') in 0.018864 seconds
  Import took 0.024898 seconds .

========================================================================
Received Import Request.
  Time since last request: 0.007363 seconds.
  path: Assets/Hovl Studio/Magic effects pack/Prefabs/Hits and explosions/Green hit.prefab
  artifactKey: Guid(3138a83bedbd6ad4481ba0b061da2eb6) Importer(815301076,1909f56bfc062723c751e8b465ee728b)
Start importing Assets/Hovl Studio/Magic effects pack/Prefabs/Hits and explosions/Green hit.prefab using Guid(3138a83bedbd6ad4481ba0b061da2eb6) Importer(815301076,1909f56bfc062723c751e8b465ee728b)  -> (artifact id: '4c4cb0ad1f8869b9e46cd69351db47dd') in 0.007837 seconds
  Import took 0.011729 seconds .

========================================================================
Received Import Request.
  Time since last request: 0.000491 seconds.
  path: Assets/Hovl Studio/Magic effects pack/Materials/Flare.mat
  artifactKey: Guid(818e127314f46c844a3b31d893dcfe6a) Importer(815301076,1909f56bfc062723c751e8b465ee728b)
Start importing Assets/Hovl Studio/Magic effects pack/Materials/Flare.mat using Guid(818e127314f46c844a3b31d893dcfe6a) Importer(815301076,1909f56bfc062723c751e8b465ee728b)  -> (artifact id: 'e2d97b945e7ed2015ef1d200a314cd3d') in 0.039924 seconds
  Import took 0.043430 seconds .

========================================================================
Received Import Request.
  Time since last request: 1.738155 seconds.
  path: Assets/Hovl Studio/Magic effects pack/Prefabs/Hits and explosions/Holy hit.prefab
  artifactKey: Guid(e190bf97c041e58448af6b043116cba0) Importer(815301076,1909f56bfc062723c751e8b465ee728b)
Start importing Assets/Hovl Studio/Magic effects pack/Prefabs/Hits and explosions/Holy hit.prefab using Guid(e190bf97c041e58448af6b043116cba0) Importer(815301076,1909f56bfc062723c751e8b465ee728b)  -> (artifact id: '27fc6b4328b8b6a3a36bbaac640ac521') in 0.018036 seconds
  Import took 0.022386 seconds .

========================================================================
Received Import Request.
  Time since last request: 0.013961 seconds.
  path: Assets/Hovl Studio/Magic effects pack/Prefabs/Hits and explosions/Holy hit.prefab
  artifactKey: Guid(e190bf97c041e58448af6b043116cba0) Importer(815301076,1909f56bfc062723c751e8b465ee728b)
Start importing Assets/Hovl Studio/Magic effects pack/Prefabs/Hits and explosions/Holy hit.prefab using Guid(e190bf97c041e58448af6b043116cba0) Importer(815301076,1909f56bfc062723c751e8b465ee728b)  -> (artifact id: '27fc6b4328b8b6a3a36bbaac640ac521') in 0.016313 seconds
  Import took 0.022209 seconds .

========================================================================
Received Import Request.
  Time since last request: 3.285066 seconds.
  path: Assets/Hovl Studio/Magic effects pack/Prefabs/Hits and explosions/Snow hit.prefab
  artifactKey: Guid(0edef91621bb6b34384ccc9dbb98729c) Importer(815301076,1909f56bfc062723c751e8b465ee728b)
Start importing Assets/Hovl Studio/Magic effects pack/Prefabs/Hits and explosions/Snow hit.prefab using Guid(0edef91621bb6b34384ccc9dbb98729c) Importer(815301076,1909f56bfc062723c751e8b465ee728b)  -> (artifact id: '7d7f07c27b990bc3ae5d586f7ba471bc') in 0.021121 seconds
  Import took 0.026877 seconds .

========================================================================
Received Import Request.
  Time since last request: 0.011938 seconds.
  path: Assets/Hovl Studio/Magic effects pack/Prefabs/Hits and explosions/Snow hit.prefab
  artifactKey: Guid(0edef91621bb6b34384ccc9dbb98729c) Importer(815301076,1909f56bfc062723c751e8b465ee728b)
Start importing Assets/Hovl Studio/Magic effects pack/Prefabs/Hits and explosions/Snow hit.prefab using Guid(0edef91621bb6b34384ccc9dbb98729c) Importer(815301076,1909f56bfc062723c751e8b465ee728b)  -> (artifact id: '7d7f07c27b990bc3ae5d586f7ba471bc') in 0.010930 seconds
  Import took 0.015601 seconds .

========================================================================
Received Import Request.
  Time since last request: 0.000401 seconds.
  path: Assets/Hovl Studio/Magic effects pack/Materials/Snowflake.mat
  artifactKey: Guid(110e8ef5ba5275f4c864c6b5190c7891) Importer(815301076,1909f56bfc062723c751e8b465ee728b)
Start importing Assets/Hovl Studio/Magic effects pack/Materials/Snowflake.mat using Guid(110e8ef5ba5275f4c864c6b5190c7891) Importer(815301076,1909f56bfc062723c751e8b465ee728b)  -> (artifact id: 'ae3b3d2fee1b64ad8a032f596e5594b2') in 0.033128 seconds
  Import took 0.037082 seconds .

========================================================================
Received Import Request.
  Time since last request: 2.104471 seconds.
  path: Assets/Hovl Studio/Magic effects pack/Prefabs/Hits and explosions/Star hit.prefab
  artifactKey: Guid(98c4704d0fd7211449bcf5c451095a60) Importer(815301076,1909f56bfc062723c751e8b465ee728b)
Start importing Assets/Hovl Studio/Magic effects pack/Prefabs/Hits and explosions/Star hit.prefab using Guid(98c4704d0fd7211449bcf5c451095a60) Importer(815301076,1909f56bfc062723c751e8b465ee728b)  -> (artifact id: 'c74e077bbabf0c1459ee0675970ce722') in 0.025749 seconds
  Import took 0.030087 seconds .

========================================================================
Received Import Request.
  Time since last request: 0.004379 seconds.
  path: Assets/Hovl Studio/Magic effects pack/Prefabs/Hits and explosions/Star hit.prefab
  artifactKey: Guid(98c4704d0fd7211449bcf5c451095a60) Importer(815301076,1909f56bfc062723c751e8b465ee728b)
Start importing Assets/Hovl Studio/Magic effects pack/Prefabs/Hits and explosions/Star hit.prefab using Guid(98c4704d0fd7211449bcf5c451095a60) Importer(815301076,1909f56bfc062723c751e8b465ee728b)  -> (artifact id: 'c74e077bbabf0c1459ee0675970ce722') in 0.012220 seconds
  Import took 0.019679 seconds .

========================================================================
Received Import Request.
  Time since last request: 0.000468 seconds.
  path: Assets/Hovl Studio/Magic effects pack/Materials/Star.mat
  artifactKey: Guid(f7fb42690dbaf0d408f1f55ea89b7be8) Importer(815301076,1909f56bfc062723c751e8b465ee728b)
Start importing Assets/Hovl Studio/Magic effects pack/Materials/Star.mat using Guid(f7fb42690dbaf0d408f1f55ea89b7be8) Importer(815301076,1909f56bfc062723c751e8b465ee728b)  -> (artifact id: '6c1f3481cb0c207790fb7705b9c45bca') in 0.041698 seconds
  Import took 0.051648 seconds .

========================================================================
Received Import Request.
  Time since last request: 2.228428 seconds.
  path: Assets/Hovl Studio/Magic effects pack/Prefabs/Hits and explosions/Stones hit.prefab
  artifactKey: Guid(9b21333b068a5084ba09535839bee3c8) Importer(815301076,1909f56bfc062723c751e8b465ee728b)
Start importing Assets/Hovl Studio/Magic effects pack/Prefabs/Hits and explosions/Stones hit.prefab using Guid(9b21333b068a5084ba09535839bee3c8) Importer(815301076,1909f56bfc062723c751e8b465ee728b)  -> (artifact id: 'f9d32ccdb79b8f98c4ca1ee805176e92') in 0.024424 seconds
  Import took 0.029333 seconds .

========================================================================
Received Import Request.
  Time since last request: 0.006295 seconds.
  path: Assets/Hovl Studio/Magic effects pack/Prefabs/Hits and explosions/Stones hit.prefab
  artifactKey: Guid(9b21333b068a5084ba09535839bee3c8) Importer(815301076,1909f56bfc062723c751e8b465ee728b)
Start importing Assets/Hovl Studio/Magic effects pack/Prefabs/Hits and explosions/Stones hit.prefab using Guid(9b21333b068a5084ba09535839bee3c8) Importer(815301076,1909f56bfc062723c751e8b465ee728b)  -> (artifact id: 'f9d32ccdb79b8f98c4ca1ee805176e92') in 0.008622 seconds
  Import took 0.012831 seconds .

========================================================================
Received Prepare
Registering precompiled user dll's ...
Registered in 0.001759 seconds.
Begin MonoManager ReloadAssembly
Native extension for WindowsStandalone target not found
Native extension for WebGL target not found
Refreshing native plugins compatible for Editor in 1.13 ms, found 0 plugins.
Preloading 0 native plugins for Editor in 0.00 ms.
Invoked RoslynAnalysisRunner static constructor.
RoslynAnalysisRunner will not be running.
RoslynAnalysisRunner has terminated.
Mono: successfully reloaded assembly
- Completed reload, in  4.012 seconds
Platform modules already initialized, skipping
Refreshing native plugins compatible for Editor in 0.74 ms, found 0 plugins.
Preloading 0 native plugins for Editor in 0.00 ms.
Unloading 1112 Unused Serialized files (Serialized files now loaded: 0)
System memory in use before: 66.3 MB.
System memory in use after: 66.4 MB.

Unloading 5 unused Assets to reduce memory usage. Loaded Objects now: 1626.
Total: 5.799900 ms (FindLiveObjects: 0.313100 ms CreateObjectMapping: 0.057700 ms MarkObjects: 5.278500 ms  DeleteObjects: 0.146900 ms)

========================================================================
Received Import Request.
  Time since last request: 158.386736 seconds.
  path: Assets/Scripts/Bullet.cs
  artifactKey: Guid(b90895a07c423514791f59cb655de825) Importer(815301076,1909f56bfc062723c751e8b465ee728b)
Start importing Assets/Scripts/Bullet.cs using Guid(b90895a07c423514791f59cb655de825) Importer(815301076,1909f56bfc062723c751e8b465ee728b)  -> (artifact id: '38db479ddbab297fcbd5c366b6147eb1') in 0.012489 seconds
  Import took 0.017289 seconds .

========================================================================
Received Import Request.
  Time since last request: 13.316335 seconds.
  path: ProjectSettings/TagManager.asset
  artifactKey: Guid(00000000000000003000000000000000) Importer(815301076,1909f56bfc062723c751e8b465ee728b)
Start importing ProjectSettings/TagManager.asset using Guid(00000000000000003000000000000000) Importer(815301076,1909f56bfc062723c751e8b465ee728b)  -> (artifact id: '2eaa3349c9e40244e4dab48b70f5f6d6') in 0.069519 seconds
  Import took 0.076266 seconds .

========================================================================
Received Prepare
Registering precompiled user dll's ...
Registered in 0.002114 seconds.
Begin MonoManager ReloadAssembly
Native extension for WindowsStandalone target not found
Native extension for WebGL target not found
Refreshing native plugins compatible for Editor in 0.56 ms, found 0 plugins.
Preloading 0 native plugins for Editor in 0.00 ms.
Invoked RoslynAnalysisRunner static constructor.
RoslynAnalysisRunner will not be running.
RoslynAnalysisRunner has terminated.
Mono: successfully reloaded assembly
- Completed reload, in  1.658 seconds
Platform modules already initialized, skipping
Refreshing native plugins compatible for Editor in 0.39 ms, found 0 plugins.
Preloading 0 native plugins for Editor in 0.00 ms.
Unloading 1112 Unused Serialized files (Serialized files now loaded: 0)
System memory in use before: 66.3 MB.
System memory in use after: 66.4 MB.

Unloading 6 unused Assets to reduce memory usage. Loaded Objects now: 1629.
Total: 3.103300 ms (FindLiveObjects: 0.441300 ms CreateObjectMapping: 0.102100 ms MarkObjects: 2.453400 ms  DeleteObjects: 0.104000 ms)

========================================================================
Received Import Request.
  Time since last request: 182.847835 seconds.
  path: Assets/Scripts/ScoreManager.cs
  artifactKey: Guid(19121d8329a6dcb4fa82849d122646c2) Importer(815301076,1909f56bfc062723c751e8b465ee728b)
Start importing Assets/Scripts/ScoreManager.cs using Guid(19121d8329a6dcb4fa82849d122646c2) Importer(815301076,1909f56bfc062723c751e8b465ee728b)  -> (artifact id: 'ed49c596104b7729135b8896a530891a') in 0.029878 seconds
  Import took 0.034627 seconds .

========================================================================
Received Prepare
Registering precompiled user dll's ...
Registered in 0.001603 seconds.
Begin MonoManager ReloadAssembly
Native extension for WindowsStandalone target not found
Native extension for WebGL target not found
Refreshing native plugins compatible for Editor in 0.43 ms, found 0 plugins.
Preloading 0 native plugins for Editor in 0.00 ms.
Invoked RoslynAnalysisRunner static constructor.
RoslynAnalysisRunner will not be running.
RoslynAnalysisRunner has terminated.
Mono: successfully reloaded assembly
- Completed reload, in  2.328 seconds
Platform modules already initialized, skipping
Refreshing native plugins compatible for Editor in 0.40 ms, found 0 plugins.
Preloading 0 native plugins for Editor in 0.00 ms.
Unloading 1113 Unused Serialized files (Serialized files now loaded: 0)
System memory in use before: 66.3 MB.
System memory in use after: 66.4 MB.

Unloading 5 unused Assets to reduce memory usage. Loaded Objects now: 1633.
Total: 4.110900 ms (FindLiveObjects: 0.775300 ms CreateObjectMapping: 0.239100 ms MarkObjects: 2.971800 ms  DeleteObjects: 0.120400 ms)

========================================================================
Received Prepare
Registering precompiled user dll's ...
Registered in 0.001686 seconds.
Begin MonoManager ReloadAssembly
Native extension for WindowsStandalone target not found
Native extension for WebGL target not found
Refreshing native plugins compatible for Editor in 0.36 ms, found 0 plugins.
Preloading 0 native plugins for Editor in 0.00 ms.
Invoked RoslynAnalysisRunner static constructor.
RoslynAnalysisRunner will not be running.
RoslynAnalysisRunner has terminated.
Mono: successfully reloaded assembly
- Completed reload, in  1.508 seconds
Platform modules already initialized, skipping
Refreshing native plugins compatible for Editor in 0.36 ms, found 0 plugins.
Preloading 0 native plugins for Editor in 0.00 ms.
Unloading 1113 Unused Serialized files (Serialized files now loaded: 0)
System memory in use before: 66.3 MB.
System memory in use after: 66.4 MB.

Unloading 5 unused Assets to reduce memory usage. Loaded Objects now: 1636.
Total: 3.603400 ms (FindLiveObjects: 0.643800 ms CreateObjectMapping: 0.117800 ms MarkObjects: 2.712100 ms  DeleteObjects: 0.126700 ms)

========================================================================
Received Import Request.
  Time since last request: 32.479531 seconds.
  path: Assets/Scripts/ScoreManager.cs
  artifactKey: Guid(19121d8329a6dcb4fa82849d122646c2) Importer(815301076,1909f56bfc062723c751e8b465ee728b)
Start importing Assets/Scripts/ScoreManager.cs using Guid(19121d8329a6dcb4fa82849d122646c2) Importer(815301076,1909f56bfc062723c751e8b465ee728b)  -> (artifact id: '708c0b819cba0b30dfd82d7558ea2d6c') in 0.017705 seconds
  Import took 0.022917 seconds .

========================================================================
Received Prepare
Registering precompiled user dll's ...
Registered in 0.001728 seconds.
Begin MonoManager ReloadAssembly
Native extension for WindowsStandalone target not found
Native extension for WebGL target not found
Refreshing native plugins compatible for Editor in 1.15 ms, found 0 plugins.
Preloading 0 native plugins for Editor in 0.00 ms.
Invoked RoslynAnalysisRunner static constructor.
RoslynAnalysisRunner will not be running.
RoslynAnalysisRunner has terminated.
Mono: successfully reloaded assembly
- Completed reload, in  3.583 seconds
Platform modules already initialized, skipping
Refreshing native plugins compatible for Editor in 1.21 ms, found 0 plugins.
Preloading 0 native plugins for Editor in 0.00 ms.
Unloading 1113 Unused Serialized files (Serialized files now loaded: 0)
System memory in use before: 66.3 MB.
System memory in use after: 66.4 MB.

Unloading 5 unused Assets to reduce memory usage. Loaded Objects now: 1639.
Total: 3.321400 ms (FindLiveObjects: 0.420300 ms CreateObjectMapping: 0.066400 ms MarkObjects: 2.720300 ms  DeleteObjects: 0.111400 ms)

========================================================================
Received Import Request.
  Time since last request: 22.470719 seconds.
  path: Assets/Scripts/TargetController.cs
  artifactKey: Guid(eaf88db5f356747579202cff647d9a65) Importer(815301076,1909f56bfc062723c751e8b465ee728b)
Start importing Assets/Scripts/TargetController.cs using Guid(eaf88db5f356747579202cff647d9a65) Importer(815301076,1909f56bfc062723c751e8b465ee728b)  -> (artifact id: 'bfd9dcd630dbe6bfcd3687286b97d9d0') in 0.020304 seconds
  Import took 0.024290 seconds .

AssetImportWorkerClient::OnTransportError - code=2 error=End of file
