Using pre-set license
Built from '2020.2/staging' branch; Version is '2020.2.7f1 (c53830e277f1) revision 12924976'; Using compiler version '192528614'; Build Type 'Release'
OS: 'Windows 10 Pro; OS build 22631.3155; Version 2009; 64bit' Language: 'ja' Physical Memory: 65214 MB
BatchMode: 1, IsHumanControllingUs: 0, StartBugReporterOnCrash: 0, Is64bit: 1, IsPro: 0

 COMMAND LINE ARGUMENTS:
C:\Program Files\Unity\Hub\Editor\2020.2.7f1\Editor\Unity.exe
-adb2
-batchMode
-noUpm
-name
AssetImportWorker0
-projectPath
C:/Users/inobe/OneDrive/デスクトップ/git管理/Syateki/Syateki
-logFile
Logs/AssetImportWorker0.log
-srvPort
53782
Successfully changed project path to: C:/Users/inobe/OneDrive/デスクトップ/git管理/Syateki/Syateki
C:/Users/inobe/OneDrive/デスクトップ/git管理/Syateki/Syateki
Using Asset Import Pipeline V2.
Refreshing native plugins compatible for Editor in 14.37 ms, found 0 plugins.
Preloading 0 native plugins for Editor in 0.00 ms.
Initialize engine version: 2020.2.7f1 (c53830e277f1)
[Subsystems] Discovering subsystems at path C:/Program Files/Unity/Hub/Editor/2020.2.7f1/Editor/Data/Resources/UnitySubsystems
[Subsystems] Discovering subsystems at path C:/Users/inobe/OneDrive/デスクトップ/git管理/Syateki/Syateki/Assets
GfxDevice: creating device client; threaded=0
Direct3D:
    Version:  Direct3D 11.0 [level 11.1]
    Renderer: NVIDIA GeForce RTX 4070 Ti (ID=0x2782)
    Vendor:   
    VRAM:     12010 MB
    Driver:   31.0.15.4601
Initialize mono
Mono path[0] = 'C:/Program Files/Unity/Hub/Editor/2020.2.7f1/Editor/Data/Managed'
Mono path[1] = 'C:/Program Files/Unity/Hub/Editor/2020.2.7f1/Editor/Data/MonoBleedingEdge/lib/mono/unityjit'
Mono config path = 'C:/Program Files/Unity/Hub/Editor/2020.2.7f1/Editor/Data/MonoBleedingEdge/etc'
Using monoOptions --debugger-agent=transport=dt_socket,embedding=1,server=y,suspend=n,address=127.0.0.1:56316
Begin MonoManager ReloadAssembly
Registering precompiled unity dll's ...
Register platform support module: C:/Program Files/Unity/Hub/Editor/2020.2.7f1/Editor/Data/PlaybackEngines/WebGLSupport/UnityEditor.WebGL.Extensions.dll
Register platform support module: C:/Program Files/Unity/Hub/Editor/2020.2.7f1/Editor/Data/PlaybackEngines/WindowsStandaloneSupport/UnityEditor.WindowsStandalone.Extensions.dll
Registered in 0.001200 seconds.
Native extension for WindowsStandalone target not found
Native extension for WebGL target not found
Refreshing native plugins compatible for Editor in 13.00 ms, found 0 plugins.
Preloading 0 native plugins for Editor in 0.00 ms.
Invoked RoslynAnalysisRunner static constructor.
RoslynAnalysisRunner will not be running.
RoslynAnalysisRunner has terminated.
Mono: successfully reloaded assembly
- Completed reload, in  0.618 seconds
Platform modules already initialized, skipping
Registering precompiled user dll's ...
Registered in 0.000472 seconds.
Begin MonoManager ReloadAssembly
Native extension for WindowsStandalone target not found
Native extension for WebGL target not found
Refreshing native plugins compatible for Editor in 0.19 ms, found 0 plugins.
Preloading 0 native plugins for Editor in 0.00 ms.
Invoked RoslynAnalysisRunner static constructor.
RoslynAnalysisRunner will not be running.
RoslynAnalysisRunner has terminated.
Mono: successfully reloaded assembly
- Completed reload, in  0.448 seconds
Platform modules already initialized, skipping
========================================================================
Worker process is ready to serve import requests
Launched and connected shader compiler UnityShaderCompiler.exe after 0.04 seconds
Refreshing native plugins compatible for Editor in 0.15 ms, found 0 plugins.
Preloading 0 native plugins for Editor in 0.00 ms.
Unloading 1118 Unused Serialized files (Serialized files now loaded: 0)
System memory in use before: 67.5 MB.
System memory in use after: 67.6 MB.

Unloading 10 unused Assets to reduce memory usage. Loaded Objects now: 1576.
Total: 0.995000 ms (FindLiveObjects: 0.074800 ms CreateObjectMapping: 0.017800 ms MarkObjects: 0.848600 ms  DeleteObjects: 0.053100 ms)

========================================================================
Received Import Request.
  path: Assets/Scripts/TargetController.cs
  artifactKey: Guid(eaf88db5f356747579202cff647d9a65) Importer(815301076,1909f56bfc062723c751e8b465ee728b)
Start importing Assets/Scripts/TargetController.cs using Guid(eaf88db5f356747579202cff647d9a65) Importer(815301076,1909f56bfc062723c751e8b465ee728b)  -> (artifact id: '403574e18e38b592000ce7f78bc95b61') in 0.016580 seconds
  Import took 0.017959 seconds .

========================================================================
Received Import Request.
  Time since last request: 0.000218 seconds.
  path: Assets/Scripts/Bullet.cs
  artifactKey: Guid(b90895a07c423514791f59cb655de825) Importer(815301076,1909f56bfc062723c751e8b465ee728b)
Start importing Assets/Scripts/Bullet.cs using Guid(b90895a07c423514791f59cb655de825) Importer(815301076,1909f56bfc062723c751e8b465ee728b)  -> (artifact id: '0d150260a35fd4f1c6adacc2ee76aa96') in 0.001558 seconds
  Import took 0.003003 seconds .

========================================================================
Received Import Request.
  Time since last request: 0.518494 seconds.
  path: Assets/Scripts/ShootBullet.cs
  artifactKey: Guid(4e07bfec91e974c6288ffc63a071852a) Importer(815301076,1909f56bfc062723c751e8b465ee728b)
Start importing Assets/Scripts/ShootBullet.cs using Guid(4e07bfec91e974c6288ffc63a071852a) Importer(815301076,1909f56bfc062723c751e8b465ee728b)  -> (artifact id: '6bcb236ae974994309b44b0460bfc66b') in 0.001591 seconds
  Import took 0.002778 seconds .

========================================================================
Received Import Request.
  Time since last request: 0.001438 seconds.
  path: Assets/Scripts/ShootBullet.cs
  artifactKey: Guid(4e07bfec91e974c6288ffc63a071852a) Importer(815301076,1909f56bfc062723c751e8b465ee728b)
Start importing Assets/Scripts/ShootBullet.cs using Guid(4e07bfec91e974c6288ffc63a071852a) Importer(815301076,1909f56bfc062723c751e8b465ee728b)  -> (artifact id: '6bcb236ae974994309b44b0460bfc66b') in 0.001640 seconds
  Import took 0.002834 seconds .

========================================================================
Received Prepare
Registering precompiled user dll's ...
Registered in 0.001008 seconds.
Begin MonoManager ReloadAssembly
Native extension for WindowsStandalone target not found
Native extension for WebGL target not found
Refreshing native plugins compatible for Editor in 0.41 ms, found 0 plugins.
Preloading 0 native plugins for Editor in 0.00 ms.
Invoked RoslynAnalysisRunner static constructor.
RoslynAnalysisRunner will not be running.
RoslynAnalysisRunner has terminated.
Mono: successfully reloaded assembly
- Completed reload, in  0.578 seconds
Platform modules already initialized, skipping
Refreshing native plugins compatible for Editor in 0.15 ms, found 0 plugins.
Preloading 0 native plugins for Editor in 0.00 ms.
Unloading 1113 Unused Serialized files (Serialized files now loaded: 0)
System memory in use before: 67.5 MB.
System memory in use after: 67.5 MB.

Unloading 5 unused Assets to reduce memory usage. Loaded Objects now: 1579.
Total: 1.045700 ms (FindLiveObjects: 0.100900 ms CreateObjectMapping: 0.018300 ms MarkObjects: 0.882800 ms  DeleteObjects: 0.042700 ms)

========================================================================
Received Import Request.
  Time since last request: 48.559846 seconds.
  path: Assets/Scripts/ShootBullet.cs
  artifactKey: Guid(4e07bfec91e974c6288ffc63a071852a) Importer(815301076,1909f56bfc062723c751e8b465ee728b)
Start importing Assets/Scripts/ShootBullet.cs using Guid(4e07bfec91e974c6288ffc63a071852a) Importer(815301076,1909f56bfc062723c751e8b465ee728b)  -> (artifact id: '2b942735312f2598ee3b90e119c54ba8') in 0.002381 seconds
  Import took 0.003496 seconds .

========================================================================
Received Import Request.
  Time since last request: 44.632431 seconds.
  path: Assets/Scripts/GunRotationController.cs
  artifactKey: Guid(0b2373525bcbd4f869514aa5f45aa5e9) Importer(815301076,1909f56bfc062723c751e8b465ee728b)
Start importing Assets/Scripts/GunRotationController.cs using Guid(0b2373525bcbd4f869514aa5f45aa5e9) Importer(815301076,1909f56bfc062723c751e8b465ee728b)  -> (artifact id: 'fd8a93d8cfbfe5fd84a885b297d1c7b2') in 0.002683 seconds
  Import took 0.004139 seconds .

========================================================================
Received Import Request.
  Time since last request: 0.000981 seconds.
  path: Assets/Scripts/GunRotationController.cs
  artifactKey: Guid(0b2373525bcbd4f869514aa5f45aa5e9) Importer(815301076,1909f56bfc062723c751e8b465ee728b)
Start importing Assets/Scripts/GunRotationController.cs using Guid(0b2373525bcbd4f869514aa5f45aa5e9) Importer(815301076,1909f56bfc062723c751e8b465ee728b)  -> (artifact id: 'fd8a93d8cfbfe5fd84a885b297d1c7b2') in 0.001437 seconds
  Import took 0.002485 seconds .

========================================================================
Received Import Request.
  Time since last request: 1.256360 seconds.
  path: Assets/Scripts/ScoreManager.cs
  artifactKey: Guid(19121d8329a6dcb4fa82849d122646c2) Importer(815301076,1909f56bfc062723c751e8b465ee728b)
Start importing Assets/Scripts/ScoreManager.cs using Guid(19121d8329a6dcb4fa82849d122646c2) Importer(815301076,1909f56bfc062723c751e8b465ee728b)  -> (artifact id: 'c58c099fa5b95cbe39dfdc3c8e22a487') in 0.001625 seconds
  Import took 0.002689 seconds .

========================================================================
Received Import Request.
  Time since last request: 0.000357 seconds.
  path: Assets/Scripts/ScoreManager.cs
  artifactKey: Guid(19121d8329a6dcb4fa82849d122646c2) Importer(815301076,1909f56bfc062723c751e8b465ee728b)
Start importing Assets/Scripts/ScoreManager.cs using Guid(19121d8329a6dcb4fa82849d122646c2) Importer(815301076,1909f56bfc062723c751e8b465ee728b)  -> (artifact id: 'c58c099fa5b95cbe39dfdc3c8e22a487') in 0.001356 seconds
  Import took 0.002581 seconds .

========================================================================
Received Prepare
Registering precompiled user dll's ...
Registered in 0.000451 seconds.
Begin MonoManager ReloadAssembly
Native extension for WindowsStandalone target not found
Native extension for WebGL target not found
Refreshing native plugins compatible for Editor in 0.22 ms, found 0 plugins.
Preloading 0 native plugins for Editor in 0.00 ms.
Invoked RoslynAnalysisRunner static constructor.
RoslynAnalysisRunner will not be running.
RoslynAnalysisRunner has terminated.
Mono: successfully reloaded assembly
- Completed reload, in  0.471 seconds
Platform modules already initialized, skipping
Refreshing native plugins compatible for Editor in 0.14 ms, found 0 plugins.
Preloading 0 native plugins for Editor in 0.00 ms.
Unloading 1113 Unused Serialized files (Serialized files now loaded: 0)
System memory in use before: 67.5 MB.
System memory in use after: 67.6 MB.

Unloading 5 unused Assets to reduce memory usage. Loaded Objects now: 1582.
Total: 0.933700 ms (FindLiveObjects: 0.075000 ms CreateObjectMapping: 0.016400 ms MarkObjects: 0.800300 ms  DeleteObjects: 0.041000 ms)

========================================================================
Received Import Request.
  Time since last request: 62.963345 seconds.
  path: Assets/Scripts/ScoreManager.cs
  artifactKey: Guid(19121d8329a6dcb4fa82849d122646c2) Importer(815301076,1909f56bfc062723c751e8b465ee728b)
Start importing Assets/Scripts/ScoreManager.cs using Guid(19121d8329a6dcb4fa82849d122646c2) Importer(815301076,1909f56bfc062723c751e8b465ee728b)  -> (artifact id: '6586bacdeff3871541cfe1426fa830bf') in 0.002548 seconds
  Import took 0.004151 seconds .

========================================================================
Received Prepare
Registering precompiled user dll's ...
Registered in 0.001250 seconds.
Begin MonoManager ReloadAssembly
Native extension for WindowsStandalone target not found
Native extension for WebGL target not found
Refreshing native plugins compatible for Editor in 0.45 ms, found 0 plugins.
Preloading 0 native plugins for Editor in 0.00 ms.
Invoked RoslynAnalysisRunner static constructor.
RoslynAnalysisRunner will not be running.
RoslynAnalysisRunner has terminated.
Mono: successfully reloaded assembly
- Completed reload, in  0.702 seconds
Platform modules already initialized, skipping
Refreshing native plugins compatible for Editor in 0.18 ms, found 0 plugins.
Preloading 0 native plugins for Editor in 0.00 ms.
Unloading 1113 Unused Serialized files (Serialized files now loaded: 0)
System memory in use before: 67.5 MB.
System memory in use after: 67.6 MB.

Unloading 5 unused Assets to reduce memory usage. Loaded Objects now: 1585.
Total: 1.074200 ms (FindLiveObjects: 0.100100 ms CreateObjectMapping: 0.018800 ms MarkObjects: 0.907100 ms  DeleteObjects: 0.047000 ms)

========================================================================
Received Import Request.
  Time since last request: 132.385215 seconds.
  path: Assets/Sprites
  artifactKey: Guid(3679a2fdfe1254ac290c67356eb65365) Importer(815301076,1909f56bfc062723c751e8b465ee728b)
Start importing Assets/Sprites using Guid(3679a2fdfe1254ac290c67356eb65365) Importer(815301076,1909f56bfc062723c751e8b465ee728b)  -> (artifact id: '8cb4039bb4be5fc8a5c0983263eea2b9') in 0.004950 seconds
  Import took 0.007044 seconds .

========================================================================
Received Import Request.
  Time since last request: 1.358859 seconds.
  path: Assets/Sprites/Materials
  artifactKey: Guid(2e74a330a7e3d4f3cbf70eda8565f9d5) Importer(815301076,1909f56bfc062723c751e8b465ee728b)
Start importing Assets/Sprites/Materials using Guid(2e74a330a7e3d4f3cbf70eda8565f9d5) Importer(815301076,1909f56bfc062723c751e8b465ee728b)  -> (artifact id: '1f5ed45cca5719ce830e6f72e4e76e49') in 0.002499 seconds
  Import took 0.004277 seconds .

========================================================================
Received Import Request.
  Time since last request: 0.460242 seconds.
  path: Assets/Sprites/Background.png
  artifactKey: Guid(ea00b7ed55d074e688ad29613507ce4e) Importer(815301076,1909f56bfc062723c751e8b465ee728b)
Start importing Assets/Sprites/Background.png using Guid(ea00b7ed55d074e688ad29613507ce4e) Importer(815301076,1909f56bfc062723c751e8b465ee728b)  -> (artifact id: 'eb222c2624be037cb412180eea4c1b68') in 0.035465 seconds
  Import took 0.037469 seconds .

========================================================================
Received Import Request.
  Time since last request: 2.284455 seconds.
  path: Assets/Sprites/Shelf.png
  artifactKey: Guid(3a555116bc71a4a5b82af83b62400a8f) Importer(815301076,1909f56bfc062723c751e8b465ee728b)
Start importing Assets/Sprites/Shelf.png using Guid(3a555116bc71a4a5b82af83b62400a8f) Importer(815301076,1909f56bfc062723c751e8b465ee728b)  -> (artifact id: 'cdadb03bf4352878def3efedcd739525') in 0.008973 seconds
  Import took 0.011005 seconds .

========================================================================
Received Import Request.
  Time since last request: 0.389740 seconds.
  path: Assets/Sprites/Claymation_equirectangular-jpg_fun_amusement_park_10337257.jpg
  artifactKey: Guid(690583f48838095469d5cb2c3cc35532) Importer(815301076,1909f56bfc062723c751e8b465ee728b)
Start importing Assets/Sprites/Claymation_equirectangular-jpg_fun_amusement_park_10337257.jpg using Guid(690583f48838095469d5cb2c3cc35532) Importer(815301076,1909f56bfc062723c751e8b465ee728b)  -> (artifact id: '99e3bc502b9824acd704d75d53dee951') in 0.013099 seconds
  Import took 0.014584 seconds .

========================================================================
Received Import Request.
  Time since last request: 96.456400 seconds.
  path: Assets/Sprites/Claymation_equirectangular-jpg_fun_amusement_park_10337257.jpg
  artifactKey: Guid(690583f48838095469d5cb2c3cc35532) Importer(815301076,1909f56bfc062723c751e8b465ee728b)
Start importing Assets/Sprites/Claymation_equirectangular-jpg_fun_amusement_park_10337257.jpg using Guid(690583f48838095469d5cb2c3cc35532) Importer(815301076,1909f56bfc062723c751e8b465ee728b)  -> (artifact id: '11cc161205f80ed110b7fa3675b8abcd') in 0.060545 seconds
  Import took 0.062808 seconds .

========================================================================
Received Import Request.
  Time since last request: 0.001782 seconds.
  path: Assets/Sprites/Claymation_equirectangular-jpg_fun_amusement_park_10337257.jpg
  artifactKey: Guid(690583f48838095469d5cb2c3cc35532) Importer(815301076,1909f56bfc062723c751e8b465ee728b)
Start importing Assets/Sprites/Claymation_equirectangular-jpg_fun_amusement_park_10337257.jpg using Guid(690583f48838095469d5cb2c3cc35532) Importer(815301076,1909f56bfc062723c751e8b465ee728b)  -> (artifact id: '11cc161205f80ed110b7fa3675b8abcd') in 0.021065 seconds
  Import took 0.023155 seconds .

========================================================================
Received Prepare
Registering precompiled user dll's ...
Registered in 0.000543 seconds.
Begin MonoManager ReloadAssembly
Native extension for WindowsStandalone target not found
Native extension for WebGL target not found
Refreshing native plugins compatible for Editor in 0.15 ms, found 0 plugins.
Preloading 0 native plugins for Editor in 0.00 ms.
Invoked RoslynAnalysisRunner static constructor.
RoslynAnalysisRunner will not be running.
RoslynAnalysisRunner has terminated.
Mono: successfully reloaded assembly
- Completed reload, in  0.553 seconds
Platform modules already initialized, skipping
Refreshing native plugins compatible for Editor in 0.17 ms, found 0 plugins.
Preloading 0 native plugins for Editor in 0.00 ms.
Unloading 1113 Unused Serialized files (Serialized files now loaded: 0)
System memory in use before: 70.9 MB.
System memory in use after: 71.0 MB.

Unloading 5 unused Assets to reduce memory usage. Loaded Objects now: 1622.
Total: 1.001800 ms (FindLiveObjects: 0.084700 ms CreateObjectMapping: 0.018300 ms MarkObjects: 0.856300 ms  DeleteObjects: 0.041500 ms)

========================================================================
Received Prepare
Registering precompiled user dll's ...
Registered in 0.000876 seconds.
Begin MonoManager ReloadAssembly
Native extension for WindowsStandalone target not found
Native extension for WebGL target not found
Refreshing native plugins compatible for Editor in 0.21 ms, found 0 plugins.
Preloading 0 native plugins for Editor in 0.00 ms.
Invoked RoslynAnalysisRunner static constructor.
RoslynAnalysisRunner will not be running.
RoslynAnalysisRunner has terminated.
Mono: successfully reloaded assembly
- Completed reload, in  0.723 seconds
Platform modules already initialized, skipping
Refreshing native plugins compatible for Editor in 0.37 ms, found 0 plugins.
Preloading 0 native plugins for Editor in 0.00 ms.
Unloading 1113 Unused Serialized files (Serialized files now loaded: 0)
System memory in use before: 71.0 MB.
System memory in use after: 71.0 MB.

Unloading 5 unused Assets to reduce memory usage. Loaded Objects now: 1625.
Total: 2.046400 ms (FindLiveObjects: 0.117300 ms CreateObjectMapping: 0.019600 ms MarkObjects: 1.848100 ms  DeleteObjects: 0.059800 ms)

========================================================================
Received Prepare
Registering precompiled user dll's ...
Registered in 0.000653 seconds.
Begin MonoManager ReloadAssembly
Native extension for WindowsStandalone target not found
Native extension for WebGL target not found
Refreshing native plugins compatible for Editor in 0.14 ms, found 0 plugins.
Preloading 0 native plugins for Editor in 0.00 ms.
Invoked RoslynAnalysisRunner static constructor.
RoslynAnalysisRunner will not be running.
RoslynAnalysisRunner has terminated.
Mono: successfully reloaded assembly
- Completed reload, in  0.594 seconds
Platform modules already initialized, skipping
Refreshing native plugins compatible for Editor in 0.16 ms, found 0 plugins.
Preloading 0 native plugins for Editor in 0.00 ms.
Unloading 1113 Unused Serialized files (Serialized files now loaded: 0)
System memory in use before: 71.0 MB.
System memory in use after: 71.0 MB.

Unloading 5 unused Assets to reduce memory usage. Loaded Objects now: 1628.
Total: 1.490600 ms (FindLiveObjects: 0.083700 ms CreateObjectMapping: 0.017500 ms MarkObjects: 1.316600 ms  DeleteObjects: 0.071000 ms)

========================================================================
Received Import Request.
  Time since last request: 311.532146 seconds.
  path: Assets/Scripts/Bullet.cs
  artifactKey: Guid(b90895a07c423514791f59cb655de825) Importer(815301076,1909f56bfc062723c751e8b465ee728b)
Start importing Assets/Scripts/Bullet.cs using Guid(b90895a07c423514791f59cb655de825) Importer(815301076,1909f56bfc062723c751e8b465ee728b)  -> (artifact id: '9a942779f1f37e1eb34a6018af90fb12') in 0.002867 seconds
  Import took 0.004006 seconds .

========================================================================
Received Prepare
Registering precompiled user dll's ...
Registered in 0.001399 seconds.
Begin MonoManager ReloadAssembly
Native extension for WindowsStandalone target not found
Native extension for WebGL target not found
Refreshing native plugins compatible for Editor in 0.17 ms, found 0 plugins.
Preloading 0 native plugins for Editor in 0.00 ms.
Invoked RoslynAnalysisRunner static constructor.
RoslynAnalysisRunner will not be running.
RoslynAnalysisRunner has terminated.
Mono: successfully reloaded assembly
- Completed reload, in  0.677 seconds
Platform modules already initialized, skipping
Refreshing native plugins compatible for Editor in 0.16 ms, found 0 plugins.
Preloading 0 native plugins for Editor in 0.00 ms.
Unloading 1113 Unused Serialized files (Serialized files now loaded: 0)
System memory in use before: 71.0 MB.
System memory in use after: 71.0 MB.

Unloading 5 unused Assets to reduce memory usage. Loaded Objects now: 1631.
Total: 1.906600 ms (FindLiveObjects: 0.190300 ms CreateObjectMapping: 0.028900 ms MarkObjects: 1.633900 ms  DeleteObjects: 0.051100 ms)

========================================================================
Received Import Request.
  Time since last request: 239.939961 seconds.
  path: Assets/GameObjects/LightBullet.prefab
  artifactKey: Guid(168a793d2c0417946b25966382cad8d5) Importer(815301076,1909f56bfc062723c751e8b465ee728b)
Start importing Assets/GameObjects/LightBullet.prefab using Guid(168a793d2c0417946b25966382cad8d5) Importer(815301076,1909f56bfc062723c751e8b465ee728b)  -> (artifact id: '25503d1246645a20d95241b013cc318e') in 0.040806 seconds
  Import took 0.042198 seconds .

========================================================================
Received Import Request.
  Time since last request: 4.080402 seconds.
  path: Assets/GameObjects/HeavyBullet.prefab
  artifactKey: Guid(efd32f87786b9c849acf133d4c9ae7e1) Importer(815301076,1909f56bfc062723c751e8b465ee728b)
Start importing Assets/GameObjects/HeavyBullet.prefab using Guid(efd32f87786b9c849acf133d4c9ae7e1) Importer(815301076,1909f56bfc062723c751e8b465ee728b)  -> (artifact id: '7b8c621a301a1fc013fe34ea61423af9') in 0.005259 seconds
  Import took 0.006463 seconds .

========================================================================
Received Import Request.
  Time since last request: 0.949641 seconds.
  path: Assets/GameObjects/Bullet.prefab
  artifactKey: Guid(be2e15ec93bec48fc92da22859cda1c8) Importer(815301076,1909f56bfc062723c751e8b465ee728b)
Start importing Assets/GameObjects/Bullet.prefab using Guid(be2e15ec93bec48fc92da22859cda1c8) Importer(815301076,1909f56bfc062723c751e8b465ee728b)  -> (artifact id: 'aa4bf9d32d39a9baacee16a0f1234ef5') in 0.005681 seconds
  Import took 0.006886 seconds .

========================================================================
Received Prepare
Registering precompiled user dll's ...
Registered in 0.000643 seconds.
Begin MonoManager ReloadAssembly
Native extension for WindowsStandalone target not found
Native extension for WebGL target not found
Refreshing native plugins compatible for Editor in 0.16 ms, found 0 plugins.
Preloading 0 native plugins for Editor in 0.00 ms.
Invoked RoslynAnalysisRunner static constructor.
RoslynAnalysisRunner will not be running.
RoslynAnalysisRunner has terminated.
Mono: successfully reloaded assembly
- Completed reload, in  0.414 seconds
Platform modules already initialized, skipping
Refreshing native plugins compatible for Editor in 0.29 ms, found 0 plugins.
Preloading 0 native plugins for Editor in 0.00 ms.
Unloading 1113 Unused Serialized files (Serialized files now loaded: 0)
System memory in use before: 71.0 MB.
System memory in use after: 71.1 MB.

Unloading 5 unused Assets to reduce memory usage. Loaded Objects now: 1636.
Total: 1.002000 ms (FindLiveObjects: 0.084500 ms CreateObjectMapping: 0.017900 ms MarkObjects: 0.857300 ms  DeleteObjects: 0.041300 ms)

========================================================================
Received Import Request.
  Time since last request: 54.447832 seconds.
  path: Assets/GameObjects/LightBullet.prefab
  artifactKey: Guid(168a793d2c0417946b25966382cad8d5) Importer(815301076,1909f56bfc062723c751e8b465ee728b)
Start importing Assets/GameObjects/LightBullet.prefab using Guid(168a793d2c0417946b25966382cad8d5) Importer(815301076,1909f56bfc062723c751e8b465ee728b)  -> (artifact id: 'f446592f81c3599fcdc2a04a390eeae4') in 0.034747 seconds
  Import took 0.036158 seconds .

========================================================================
Received Import Request.
  Time since last request: 0.886408 seconds.
  path: Assets/GameObjects/HeavyBullet.prefab
  artifactKey: Guid(efd32f87786b9c849acf133d4c9ae7e1) Importer(815301076,1909f56bfc062723c751e8b465ee728b)
Start importing Assets/GameObjects/HeavyBullet.prefab using Guid(efd32f87786b9c849acf133d4c9ae7e1) Importer(815301076,1909f56bfc062723c751e8b465ee728b)  -> (artifact id: 'c4e3e0c5b7fe354be96290c5e54790f5') in 0.007101 seconds
  Import took 0.008480 seconds .

========================================================================
Received Import Request.
  Time since last request: 2.317882 seconds.
  path: Assets/GameObjects/Bullet.prefab
  artifactKey: Guid(be2e15ec93bec48fc92da22859cda1c8) Importer(815301076,1909f56bfc062723c751e8b465ee728b)
Start importing Assets/GameObjects/Bullet.prefab using Guid(be2e15ec93bec48fc92da22859cda1c8) Importer(815301076,1909f56bfc062723c751e8b465ee728b)  -> (artifact id: '7aba1ca85c04ff182977ad6044ed36d0') in 0.005346 seconds
  Import took 0.006618 seconds .

========================================================================
Received Prepare
Registering precompiled user dll's ...
Registered in 0.000796 seconds.
Begin MonoManager ReloadAssembly
Native extension for WindowsStandalone target not found
Native extension for WebGL target not found
Refreshing native plugins compatible for Editor in 0.15 ms, found 0 plugins.
Preloading 0 native plugins for Editor in 0.00 ms.
Invoked RoslynAnalysisRunner static constructor.
RoslynAnalysisRunner will not be running.
RoslynAnalysisRunner has terminated.
Mono: successfully reloaded assembly
- Completed reload, in  0.495 seconds
Platform modules already initialized, skipping
Refreshing native plugins compatible for Editor in 0.70 ms, found 0 plugins.
Preloading 0 native plugins for Editor in 0.00 ms.
Unloading 1113 Unused Serialized files (Serialized files now loaded: 0)
System memory in use before: 71.1 MB.
System memory in use after: 71.1 MB.

Unloading 5 unused Assets to reduce memory usage. Loaded Objects now: 1640.
Total: 1.136300 ms (FindLiveObjects: 0.096700 ms CreateObjectMapping: 0.019700 ms MarkObjects: 0.975200 ms  DeleteObjects: 0.043400 ms)

========================================================================
Received Import Request.
  Time since last request: 92.435024 seconds.
  path: Assets/GameObjects/LightBullet.prefab
  artifactKey: Guid(168a793d2c0417946b25966382cad8d5) Importer(815301076,1909f56bfc062723c751e8b465ee728b)
Start importing Assets/GameObjects/LightBullet.prefab using Guid(168a793d2c0417946b25966382cad8d5) Importer(815301076,1909f56bfc062723c751e8b465ee728b)  -> (artifact id: 'eb472b59c1c69f4780fa33965685b9dd') in 0.037791 seconds
  Import took 0.040162 seconds .

========================================================================
Received Import Request.
  Time since last request: 92.661231 seconds.
  path: Assets/Sprites/IMG_9548.jpg
  artifactKey: Guid(d72f6725130329a449ff548048dd06ec) Importer(815301076,1909f56bfc062723c751e8b465ee728b)
Start importing Assets/Sprites/IMG_9548.jpg using Guid(d72f6725130329a449ff548048dd06ec) Importer(815301076,1909f56bfc062723c751e8b465ee728b)  -> (artifact id: '376a6dc0666a3765df90491a1bcb6cb8') in 0.012894 seconds
  Import took 0.015044 seconds .

========================================================================
Received Import Request.
  Time since last request: 0.005288 seconds.
  path: Assets/Sprites/IMG_9548.jpg
  artifactKey: Guid(d72f6725130329a449ff548048dd06ec) Importer(815301076,1909f56bfc062723c751e8b465ee728b)
Start importing Assets/Sprites/IMG_9548.jpg using Guid(d72f6725130329a449ff548048dd06ec) Importer(815301076,1909f56bfc062723c751e8b465ee728b)  -> (artifact id: '376a6dc0666a3765df90491a1bcb6cb8') in 0.005386 seconds
  Import took 0.007742 seconds .

========================================================================
Received Import Request.
  Time since last request: 1.206663 seconds.
  path: Assets/Sprites/IMG_9611.jpg
  artifactKey: Guid(55baec7439f5c9d4682a0329d22b48de) Importer(815301076,1909f56bfc062723c751e8b465ee728b)
Start importing Assets/Sprites/IMG_9611.jpg using Guid(55baec7439f5c9d4682a0329d22b48de) Importer(815301076,1909f56bfc062723c751e8b465ee728b)  -> (artifact id: 'fc979069977d5aa2fe27ba26a486d71d') in 0.009315 seconds
  Import took 0.011156 seconds .

========================================================================
Received Import Request.
  Time since last request: 27.496912 seconds.
  path: Assets/Sprites/taku--.jpg
  artifactKey: Guid(7c827f8fdd1847c43b16bcc8ece8d109) Importer(815301076,1909f56bfc062723c751e8b465ee728b)
Start importing Assets/Sprites/taku--.jpg using Guid(7c827f8fdd1847c43b16bcc8ece8d109) Importer(815301076,1909f56bfc062723c751e8b465ee728b)  -> (artifact id: '1a6c0fdb774445135702479d063ffabf') in 0.004868 seconds
  Import took 0.006248 seconds .

========================================================================
Received Import Request.
  Time since last request: 106.516641 seconds.
  path: Assets/Sprites/taku--.jpg
  artifactKey: Guid(7c827f8fdd1847c43b16bcc8ece8d109) Importer(815301076,1909f56bfc062723c751e8b465ee728b)
Start importing Assets/Sprites/taku--.jpg using Guid(7c827f8fdd1847c43b16bcc8ece8d109) Importer(815301076,1909f56bfc062723c751e8b465ee728b)  -> (artifact id: 'bbdc47c804edf14efca402f3bc08509f') in 0.014505 seconds
  Import took 0.015763 seconds .

========================================================================
Received Import Request.
  Time since last request: 23.991173 seconds.
  path: Assets/Sprites/IMG_9611.jpg
  artifactKey: Guid(55baec7439f5c9d4682a0329d22b48de) Importer(815301076,1909f56bfc062723c751e8b465ee728b)
Start importing Assets/Sprites/IMG_9611.jpg using Guid(55baec7439f5c9d4682a0329d22b48de) Importer(815301076,1909f56bfc062723c751e8b465ee728b)  -> (artifact id: 'c98c0ce5204747d870b6fd81de8868a9') in 0.008709 seconds
  Import took 0.010188 seconds .

========================================================================
Received Import Request.
  Time since last request: 85.180995 seconds.
  path: Assets/TargetMaterial
  artifactKey: Guid(6e4d29c83c56c91489ba97416b876fe3) Importer(815301076,1909f56bfc062723c751e8b465ee728b)
Start importing Assets/TargetMaterial using Guid(6e4d29c83c56c91489ba97416b876fe3) Importer(815301076,1909f56bfc062723c751e8b465ee728b)  -> (artifact id: 'e2978e3b598739a7be732bae551ea0c8') in 0.001891 seconds
  Import took 0.003560 seconds .

========================================================================
Received Import Request.
  Time since last request: 192.520246 seconds.
  path: Assets/IMG_1624.jpg
  artifactKey: Guid(9e05447580a8d5d4db4aa16e1f477c98) Importer(815301076,1909f56bfc062723c751e8b465ee728b)
Start importing Assets/IMG_1624.jpg using Guid(9e05447580a8d5d4db4aa16e1f477c98) Importer(815301076,1909f56bfc062723c751e8b465ee728b)  -> (artifact id: 'b974917c34aba6bfb918f8c61a170948') in 0.009074 seconds
  Import took 0.010945 seconds .

AssetImportWorkerClient::OnTransportError - code=2 error=End of file
